<?xml version="1.0" encoding="UTF-8"?>
<!-- Generated by org.testng.reporters.JUnitReportReporter -->
<testsuite hostname="DESKTOP-N1728FJ" failures="0" tests="1" name="test.LoginTest" time="12.379" errors="0" timestamp="2024-06-21T08:59:24 EDT" skipped="0">
  <testcase classname="test.LoginTest" name="validUserShouldBeAbleToLogin" time="12.379"/>
  <system-out/>
</testsuite> <!-- test.LoginTest -->
